****************************************   begin   ****************************************
name: []
value: 0.9
type: DOUBLE
****************************************   end   ****************************************
****************************************   begin   ****************************************
name: []
value: 0
type: INT
****************************************   end   ****************************************
****************************************   begin   ****************************************
name: []
value: 1
type: INT
****************************************   end   ****************************************
****************************************   begin   ****************************************
name: []
value: 1
type: INT
****************************************   end   ****************************************
****************************************   begin   ****************************************
name: []
value: 0x7fffffff
type: INT
****************************************   end   ****************************************
****************************************   begin   ****************************************
name: []
value: 0x80000000
type: INT
****************************************   end   ****************************************
****************************************   begin   ****************************************
name: []
value: "24"
type: STRING
****************************************   end   ****************************************
****************************************   begin   ****************************************
name: []
value: 1
type: INT
****************************************   end   ****************************************
****************************************   begin   ****************************************
name: []
value: 0x7fffffff
type: INT
****************************************   end   ****************************************
****************************************   begin   ****************************************
name: []
value: 0x80000000
type: INT
****************************************   end   ****************************************
****************************************   begin   ****************************************
name: []
value: "24"
type: STRING
****************************************   end   ****************************************
****************************************   begin   ****************************************
name: []
value: 1
type: INT
****************************************   end   ****************************************
****************************************   begin   ****************************************
name: []
value: 0
type: INT
****************************************   end   ****************************************
****************************************   begin   ****************************************
name: []
value: 1
type: INT
****************************************   end   ****************************************
****************************************   begin   ****************************************
name: []
value: "ww"
type: STRING
****************************************   end   ****************************************
****************************************   begin   ****************************************
name: []
value: null
type: NULL
****************************************   end   ****************************************
