****************************************   begin   ****************************************
value: 1L
type: LONG
****************************************   end   ****************************************
****************************************   begin   ****************************************
value: 0
type: INT
****************************************   end   ****************************************
****************************************   begin   ****************************************
value: "Fanucci Gambit"
type: STRING
****************************************   end   ****************************************
****************************************   begin   ****************************************
value: "Mind"
type: STRING
****************************************   end   ****************************************
****************************************   begin   ****************************************
value: "Body"
type: STRING
****************************************   end   ****************************************
****************************************   begin   ****************************************
value: "Spirit"
type: STRING
****************************************   end   ****************************************
****************************************   begin   ****************************************
value: "Sidekick"
type: STRING
****************************************   end   ****************************************
****************************************   begin   ****************************************
value: null
type: NULL
****************************************   end   ****************************************
****************************************   begin   ****************************************
value: 1
type: INT
****************************************   end   ****************************************
****************************************   begin   ****************************************
value: 0.9
type: DOUBLE
****************************************   end   ****************************************
