****************************************   begin   ****************************************
value: 0.0
type: INT
is true
left 5
right 6
****************************************   end   ****************************************
****************************************   begin   ****************************************
value: 0.9
type: DOUBLE
is true
left 1
right 1
****************************************   end   ****************************************
****************************************   begin   ****************************************
value: 1.0
type: LONG
is true
left 6
right 6
****************************************   end   ****************************************
****************************************   begin   ****************************************
value: 1.0
type: INT
is true
left 2
right 1
****************************************   end   ****************************************
