****************************************   begin   ****************************************
value: 0
type: INT
freq 29
isSimpleType true
otherType null
variableSimpleType INT
****************************************   end   ****************************************
****************************************   begin   ****************************************
value: null
type: NULL
freq 9
isSimpleType true
otherType null
variableSimpleType NULL
****************************************   end   ****************************************
****************************************   begin   ****************************************
value: 2
type: INT
freq 7
isSimpleType true
otherType null
variableSimpleType INT
****************************************   end   ****************************************
****************************************   begin   ****************************************
value: 3
type: INT
freq 4
isSimpleType true
otherType null
variableSimpleType INT
****************************************   end   ****************************************
****************************************   begin   ****************************************
value: 1
type: INT
freq 4
isSimpleType true
otherType null
variableSimpleType INT
****************************************   end   ****************************************
